Start testing: Nov 21 16:34 CST
----------------------------------------------------------
1/16 Testing: CalculateTest.NoFileFound
1/16 Test: CalculateTest.NoFileFound
Command: "/home/adam/Projects/electric-era-challenge/build/test/test" "--gtest_filter=CalculateTest.NoFileFound" "--gtest_also_run_disabled_tests"
Directory: /home/adam/Projects/electric-era-challenge/build/test
"CalculateTest.NoFileFound" start time: Nov 21 16:34 CST
Output:
----------------------------------------------------------
Running main() from /home/adam/Projects/electric-era-challenge/build/_deps/googletest-src/googletest/src/gtest_main.cc
Note: Google Test filter = CalculateTest.NoFileFound
[==========] Running 1 test from 1 test suite.
[----------] Global test environment set-up.
[----------] 1 test from CalculateTest
[ RUN      ] CalculateTest.NoFileFound
[       OK ] CalculateTest.NoFileFound (0 ms)
[----------] 1 test from CalculateTest (0 ms total)

[----------] Global test environment tear-down
[==========] 1 test from 1 test suite ran. (0 ms total)
[  PASSED  ] 1 test.
<end of output>
Test time =   0.00 sec
----------------------------------------------------------
Test Passed.
"CalculateTest.NoFileFound" end time: Nov 21 16:34 CST
"CalculateTest.NoFileFound" time elapsed: 00:00:00
----------------------------------------------------------

2/16 Testing: CalculateTest.FileExistsAndResultCanBeCalculated
2/16 Test: CalculateTest.FileExistsAndResultCanBeCalculated
Command: "/home/adam/Projects/electric-era-challenge/build/test/test" "--gtest_filter=CalculateTest.FileExistsAndResultCanBeCalculated" "--gtest_also_run_disabled_tests"
Directory: /home/adam/Projects/electric-era-challenge/build/test
"CalculateTest.FileExistsAndResultCanBeCalculated" start time: Nov 21 16:34 CST
Output:
----------------------------------------------------------
Running main() from /home/adam/Projects/electric-era-challenge/build/_deps/googletest-src/googletest/src/gtest_main.cc
Note: Google Test filter = CalculateTest.FileExistsAndResultCanBeCalculated
[==========] Running 1 test from 1 test suite.
[----------] Global test environment set-up.
[----------] 1 test from CalculateTest
[ RUN      ] CalculateTest.FileExistsAndResultCanBeCalculated
[       OK ] CalculateTest.FileExistsAndResultCanBeCalculated (0 ms)
[----------] 1 test from CalculateTest (0 ms total)

[----------] Global test environment tear-down
[==========] 1 test from 1 test suite ran. (0 ms total)
[  PASSED  ] 1 test.
<end of output>
Test time =   0.00 sec
----------------------------------------------------------
Test Passed.
"CalculateTest.FileExistsAndResultCanBeCalculated" end time: Nov 21 16:34 CST
"CalculateTest.FileExistsAndResultCanBeCalculated" time elapsed: 00:00:00
----------------------------------------------------------

3/16 Testing: CalculateTest.CorrectlyParseStationChargers
3/16 Test: CalculateTest.CorrectlyParseStationChargers
Command: "/home/adam/Projects/electric-era-challenge/build/test/test" "--gtest_filter=CalculateTest.CorrectlyParseStationChargers" "--gtest_also_run_disabled_tests"
Directory: /home/adam/Projects/electric-era-challenge/build/test
"CalculateTest.CorrectlyParseStationChargers" start time: Nov 21 16:34 CST
Output:
----------------------------------------------------------
Running main() from /home/adam/Projects/electric-era-challenge/build/_deps/googletest-src/googletest/src/gtest_main.cc
Note: Google Test filter = CalculateTest.CorrectlyParseStationChargers
[==========] Running 1 test from 1 test suite.
[----------] Global test environment set-up.
[----------] 1 test from CalculateTest
[ RUN      ] CalculateTest.CorrectlyParseStationChargers
[       OK ] CalculateTest.CorrectlyParseStationChargers (0 ms)
[----------] 1 test from CalculateTest (0 ms total)

[----------] Global test environment tear-down
[==========] 1 test from 1 test suite ran. (0 ms total)
[  PASSED  ] 1 test.
<end of output>
Test time =   0.00 sec
----------------------------------------------------------
Test Passed.
"CalculateTest.CorrectlyParseStationChargers" end time: Nov 21 16:34 CST
"CalculateTest.CorrectlyParseStationChargers" time elapsed: 00:00:00
----------------------------------------------------------

4/16 Testing: CalculateTest.ErrorWhileParsingStationChargersDueToNonAllowedCharacter
4/16 Test: CalculateTest.ErrorWhileParsingStationChargersDueToNonAllowedCharacter
Command: "/home/adam/Projects/electric-era-challenge/build/test/test" "--gtest_filter=CalculateTest.ErrorWhileParsingStationChargersDueToNonAllowedCharacter" "--gtest_also_run_disabled_tests"
Directory: /home/adam/Projects/electric-era-challenge/build/test
"CalculateTest.ErrorWhileParsingStationChargersDueToNonAllowedCharacter" start time: Nov 21 16:34 CST
Output:
----------------------------------------------------------
Running main() from /home/adam/Projects/electric-era-challenge/build/_deps/googletest-src/googletest/src/gtest_main.cc
Note: Google Test filter = CalculateTest.ErrorWhileParsingStationChargersDueToNonAllowedCharacter
[==========] Running 1 test from 1 test suite.
[----------] Global test environment set-up.
[----------] 1 test from CalculateTest
[ RUN      ] CalculateTest.ErrorWhileParsingStationChargersDueToNonAllowedCharacter
[       OK ] CalculateTest.ErrorWhileParsingStationChargersDueToNonAllowedCharacter (0 ms)
[----------] 1 test from CalculateTest (0 ms total)

[----------] Global test environment tear-down
[==========] 1 test from 1 test suite ran. (0 ms total)
[  PASSED  ] 1 test.
<end of output>
Test time =   0.00 sec
----------------------------------------------------------
Test Passed.
"CalculateTest.ErrorWhileParsingStationChargersDueToNonAllowedCharacter" end time: Nov 21 16:34 CST
"CalculateTest.ErrorWhileParsingStationChargersDueToNonAllowedCharacter" time elapsed: 00:00:00
----------------------------------------------------------

5/16 Testing: CalculateTest.CorrectlyParseAvailabilityReports
5/16 Test: CalculateTest.CorrectlyParseAvailabilityReports
Command: "/home/adam/Projects/electric-era-challenge/build/test/test" "--gtest_filter=CalculateTest.CorrectlyParseAvailabilityReports" "--gtest_also_run_disabled_tests"
Directory: /home/adam/Projects/electric-era-challenge/build/test
"CalculateTest.CorrectlyParseAvailabilityReports" start time: Nov 21 16:34 CST
Output:
----------------------------------------------------------
Running main() from /home/adam/Projects/electric-era-challenge/build/_deps/googletest-src/googletest/src/gtest_main.cc
Note: Google Test filter = CalculateTest.CorrectlyParseAvailabilityReports
[==========] Running 1 test from 1 test suite.
[----------] Global test environment set-up.
[----------] 1 test from CalculateTest
[ RUN      ] CalculateTest.CorrectlyParseAvailabilityReports
[       OK ] CalculateTest.CorrectlyParseAvailabilityReports (0 ms)
[----------] 1 test from CalculateTest (0 ms total)

[----------] Global test environment tear-down
[==========] 1 test from 1 test suite ran. (0 ms total)
[  PASSED  ] 1 test.
<end of output>
Test time =   0.00 sec
----------------------------------------------------------
Test Passed.
"CalculateTest.CorrectlyParseAvailabilityReports" end time: Nov 21 16:34 CST
"CalculateTest.CorrectlyParseAvailabilityReports" time elapsed: 00:00:00
----------------------------------------------------------

6/16 Testing: CalculateTest.CorrectlyProduceResults
6/16 Test: CalculateTest.CorrectlyProduceResults
Command: "/home/adam/Projects/electric-era-challenge/build/test/test" "--gtest_filter=CalculateTest.CorrectlyProduceResults" "--gtest_also_run_disabled_tests"
Directory: /home/adam/Projects/electric-era-challenge/build/test
"CalculateTest.CorrectlyProduceResults" start time: Nov 21 16:34 CST
Output:
----------------------------------------------------------
Running main() from /home/adam/Projects/electric-era-challenge/build/_deps/googletest-src/googletest/src/gtest_main.cc
Note: Google Test filter = CalculateTest.CorrectlyProduceResults
[==========] Running 1 test from 1 test suite.
[----------] Global test environment set-up.
[----------] 1 test from CalculateTest
[ RUN      ] CalculateTest.CorrectlyProduceResults
[       OK ] CalculateTest.CorrectlyProduceResults (0 ms)
[----------] 1 test from CalculateTest (0 ms total)

[----------] Global test environment tear-down
[==========] 1 test from 1 test suite ran. (0 ms total)
[  PASSED  ] 1 test.
<end of output>
Test time =   0.00 sec
----------------------------------------------------------
Test Passed.
"CalculateTest.CorrectlyProduceResults" end time: Nov 21 16:34 CST
"CalculateTest.CorrectlyProduceResults" time elapsed: 00:00:00
----------------------------------------------------------

7/16 Testing: CalculateTest.MergeIntervalsWithSameState
7/16 Test: CalculateTest.MergeIntervalsWithSameState
Command: "/home/adam/Projects/electric-era-challenge/build/test/test" "--gtest_filter=CalculateTest.MergeIntervalsWithSameState" "--gtest_also_run_disabled_tests"
Directory: /home/adam/Projects/electric-era-challenge/build/test
"CalculateTest.MergeIntervalsWithSameState" start time: Nov 21 16:34 CST
Output:
----------------------------------------------------------
Running main() from /home/adam/Projects/electric-era-challenge/build/_deps/googletest-src/googletest/src/gtest_main.cc
Note: Google Test filter = CalculateTest.MergeIntervalsWithSameState
[==========] Running 1 test from 1 test suite.
[----------] Global test environment set-up.
[----------] 1 test from CalculateTest
[ RUN      ] CalculateTest.MergeIntervalsWithSameState
[       OK ] CalculateTest.MergeIntervalsWithSameState (0 ms)
[----------] 1 test from CalculateTest (0 ms total)

[----------] Global test environment tear-down
[==========] 1 test from 1 test suite ran. (0 ms total)
[  PASSED  ] 1 test.
<end of output>
Test time =   0.00 sec
----------------------------------------------------------
Test Passed.
"CalculateTest.MergeIntervalsWithSameState" end time: Nov 21 16:34 CST
"CalculateTest.MergeIntervalsWithSameState" time elapsed: 00:00:00
----------------------------------------------------------

8/16 Testing: CalculateTest.MergeIntervalsWithDifferentStates
8/16 Test: CalculateTest.MergeIntervalsWithDifferentStates
Command: "/home/adam/Projects/electric-era-challenge/build/test/test" "--gtest_filter=CalculateTest.MergeIntervalsWithDifferentStates" "--gtest_also_run_disabled_tests"
Directory: /home/adam/Projects/electric-era-challenge/build/test
"CalculateTest.MergeIntervalsWithDifferentStates" start time: Nov 21 16:34 CST
Output:
----------------------------------------------------------
Running main() from /home/adam/Projects/electric-era-challenge/build/_deps/googletest-src/googletest/src/gtest_main.cc
Note: Google Test filter = CalculateTest.MergeIntervalsWithDifferentStates
[==========] Running 1 test from 1 test suite.
[----------] Global test environment set-up.
[----------] 1 test from CalculateTest
[ RUN      ] CalculateTest.MergeIntervalsWithDifferentStates
[       OK ] CalculateTest.MergeIntervalsWithDifferentStates (0 ms)
[----------] 1 test from CalculateTest (0 ms total)

[----------] Global test environment tear-down
[==========] 1 test from 1 test suite ran. (0 ms total)
[  PASSED  ] 1 test.
<end of output>
Test time =   0.00 sec
----------------------------------------------------------
Test Passed.
"CalculateTest.MergeIntervalsWithDifferentStates" end time: Nov 21 16:34 CST
"CalculateTest.MergeIntervalsWithDifferentStates" time elapsed: 00:00:00
----------------------------------------------------------

9/16 Testing: CalculateTest.MergeIntervalsWithOverlappingDifferentStates
9/16 Test: CalculateTest.MergeIntervalsWithOverlappingDifferentStates
Command: "/home/adam/Projects/electric-era-challenge/build/test/test" "--gtest_filter=CalculateTest.MergeIntervalsWithOverlappingDifferentStates" "--gtest_also_run_disabled_tests"
Directory: /home/adam/Projects/electric-era-challenge/build/test
"CalculateTest.MergeIntervalsWithOverlappingDifferentStates" start time: Nov 21 16:34 CST
Output:
----------------------------------------------------------
Running main() from /home/adam/Projects/electric-era-challenge/build/_deps/googletest-src/googletest/src/gtest_main.cc
Note: Google Test filter = CalculateTest.MergeIntervalsWithOverlappingDifferentStates
[==========] Running 1 test from 1 test suite.
[----------] Global test environment set-up.
[----------] 1 test from CalculateTest
[ RUN      ] CalculateTest.MergeIntervalsWithOverlappingDifferentStates
[       OK ] CalculateTest.MergeIntervalsWithOverlappingDifferentStates (0 ms)
[----------] 1 test from CalculateTest (0 ms total)

[----------] Global test environment tear-down
[==========] 1 test from 1 test suite ran. (0 ms total)
[  PASSED  ] 1 test.
<end of output>
Test time =   0.00 sec
----------------------------------------------------------
Test Passed.
"CalculateTest.MergeIntervalsWithOverlappingDifferentStates" end time: Nov 21 16:34 CST
"CalculateTest.MergeIntervalsWithOverlappingDifferentStates" time elapsed: 00:00:00
----------------------------------------------------------

10/16 Testing: CalculateTest.MergeIntervalsEmpty
10/16 Test: CalculateTest.MergeIntervalsEmpty
Command: "/home/adam/Projects/electric-era-challenge/build/test/test" "--gtest_filter=CalculateTest.MergeIntervalsEmpty" "--gtest_also_run_disabled_tests"
Directory: /home/adam/Projects/electric-era-challenge/build/test
"CalculateTest.MergeIntervalsEmpty" start time: Nov 21 16:34 CST
Output:
----------------------------------------------------------
Running main() from /home/adam/Projects/electric-era-challenge/build/_deps/googletest-src/googletest/src/gtest_main.cc
Note: Google Test filter = CalculateTest.MergeIntervalsEmpty
[==========] Running 1 test from 1 test suite.
[----------] Global test environment set-up.
[----------] 1 test from CalculateTest
[ RUN      ] CalculateTest.MergeIntervalsEmpty
[       OK ] CalculateTest.MergeIntervalsEmpty (0 ms)
[----------] 1 test from CalculateTest (0 ms total)

[----------] Global test environment tear-down
[==========] 1 test from 1 test suite ran. (0 ms total)
[  PASSED  ] 1 test.
<end of output>
Test time =   0.00 sec
----------------------------------------------------------
Test Passed.
"CalculateTest.MergeIntervalsEmpty" end time: Nov 21 16:34 CST
"CalculateTest.MergeIntervalsEmpty" time elapsed: 00:00:00
----------------------------------------------------------

11/16 Testing: CalculateTest.MergeIntervalsSingleElement
11/16 Test: CalculateTest.MergeIntervalsSingleElement
Command: "/home/adam/Projects/electric-era-challenge/build/test/test" "--gtest_filter=CalculateTest.MergeIntervalsSingleElement" "--gtest_also_run_disabled_tests"
Directory: /home/adam/Projects/electric-era-challenge/build/test
"CalculateTest.MergeIntervalsSingleElement" start time: Nov 21 16:34 CST
Output:
----------------------------------------------------------
Running main() from /home/adam/Projects/electric-era-challenge/build/_deps/googletest-src/googletest/src/gtest_main.cc
Note: Google Test filter = CalculateTest.MergeIntervalsSingleElement
[==========] Running 1 test from 1 test suite.
[----------] Global test environment set-up.
[----------] 1 test from CalculateTest
[ RUN      ] CalculateTest.MergeIntervalsSingleElement
[       OK ] CalculateTest.MergeIntervalsSingleElement (0 ms)
[----------] 1 test from CalculateTest (0 ms total)

[----------] Global test environment tear-down
[==========] 1 test from 1 test suite ran. (0 ms total)
[  PASSED  ] 1 test.
<end of output>
Test time =   0.00 sec
----------------------------------------------------------
Test Passed.
"CalculateTest.MergeIntervalsSingleElement" end time: Nov 21 16:34 CST
"CalculateTest.MergeIntervalsSingleElement" time elapsed: 00:00:00
----------------------------------------------------------

12/16 Testing: CalculateTest.ResolvePercentageAllUp
12/16 Test: CalculateTest.ResolvePercentageAllUp
Command: "/home/adam/Projects/electric-era-challenge/build/test/test" "--gtest_filter=CalculateTest.ResolvePercentageAllUp" "--gtest_also_run_disabled_tests"
Directory: /home/adam/Projects/electric-era-challenge/build/test
"CalculateTest.ResolvePercentageAllUp" start time: Nov 21 16:34 CST
Output:
----------------------------------------------------------
Running main() from /home/adam/Projects/electric-era-challenge/build/_deps/googletest-src/googletest/src/gtest_main.cc
Note: Google Test filter = CalculateTest.ResolvePercentageAllUp
[==========] Running 1 test from 1 test suite.
[----------] Global test environment set-up.
[----------] 1 test from CalculateTest
[ RUN      ] CalculateTest.ResolvePercentageAllUp
[       OK ] CalculateTest.ResolvePercentageAllUp (0 ms)
[----------] 1 test from CalculateTest (0 ms total)

[----------] Global test environment tear-down
[==========] 1 test from 1 test suite ran. (0 ms total)
[  PASSED  ] 1 test.
<end of output>
Test time =   0.00 sec
----------------------------------------------------------
Test Passed.
"CalculateTest.ResolvePercentageAllUp" end time: Nov 21 16:34 CST
"CalculateTest.ResolvePercentageAllUp" time elapsed: 00:00:00
----------------------------------------------------------

13/16 Testing: CalculateTest.ResolvePercentageAllDown
13/16 Test: CalculateTest.ResolvePercentageAllDown
Command: "/home/adam/Projects/electric-era-challenge/build/test/test" "--gtest_filter=CalculateTest.ResolvePercentageAllDown" "--gtest_also_run_disabled_tests"
Directory: /home/adam/Projects/electric-era-challenge/build/test
"CalculateTest.ResolvePercentageAllDown" start time: Nov 21 16:34 CST
Output:
----------------------------------------------------------
Running main() from /home/adam/Projects/electric-era-challenge/build/_deps/googletest-src/googletest/src/gtest_main.cc
Note: Google Test filter = CalculateTest.ResolvePercentageAllDown
[==========] Running 1 test from 1 test suite.
[----------] Global test environment set-up.
[----------] 1 test from CalculateTest
[ RUN      ] CalculateTest.ResolvePercentageAllDown
[       OK ] CalculateTest.ResolvePercentageAllDown (0 ms)
[----------] 1 test from CalculateTest (0 ms total)

[----------] Global test environment tear-down
[==========] 1 test from 1 test suite ran. (0 ms total)
[  PASSED  ] 1 test.
<end of output>
Test time =   0.00 sec
----------------------------------------------------------
Test Passed.
"CalculateTest.ResolvePercentageAllDown" end time: Nov 21 16:34 CST
"CalculateTest.ResolvePercentageAllDown" time elapsed: 00:00:00
----------------------------------------------------------

14/16 Testing: CalculateTest.ResolvePercentageMixed
14/16 Test: CalculateTest.ResolvePercentageMixed
Command: "/home/adam/Projects/electric-era-challenge/build/test/test" "--gtest_filter=CalculateTest.ResolvePercentageMixed" "--gtest_also_run_disabled_tests"
Directory: /home/adam/Projects/electric-era-challenge/build/test
"CalculateTest.ResolvePercentageMixed" start time: Nov 21 16:34 CST
Output:
----------------------------------------------------------
Running main() from /home/adam/Projects/electric-era-challenge/build/_deps/googletest-src/googletest/src/gtest_main.cc
Note: Google Test filter = CalculateTest.ResolvePercentageMixed
[==========] Running 1 test from 1 test suite.
[----------] Global test environment set-up.
[----------] 1 test from CalculateTest
[ RUN      ] CalculateTest.ResolvePercentageMixed
[       OK ] CalculateTest.ResolvePercentageMixed (0 ms)
[----------] 1 test from CalculateTest (0 ms total)

[----------] Global test environment tear-down
[==========] 1 test from 1 test suite ran. (0 ms total)
[  PASSED  ] 1 test.
<end of output>
Test time =   0.00 sec
----------------------------------------------------------
Test Passed.
"CalculateTest.ResolvePercentageMixed" end time: Nov 21 16:34 CST
"CalculateTest.ResolvePercentageMixed" time elapsed: 00:00:00
----------------------------------------------------------

15/16 Testing: CalculateTest.ResolvePercentageEmpty
15/16 Test: CalculateTest.ResolvePercentageEmpty
Command: "/home/adam/Projects/electric-era-challenge/build/test/test" "--gtest_filter=CalculateTest.ResolvePercentageEmpty" "--gtest_also_run_disabled_tests"
Directory: /home/adam/Projects/electric-era-challenge/build/test
"CalculateTest.ResolvePercentageEmpty" start time: Nov 21 16:34 CST
Output:
----------------------------------------------------------
Running main() from /home/adam/Projects/electric-era-challenge/build/_deps/googletest-src/googletest/src/gtest_main.cc
Note: Google Test filter = CalculateTest.ResolvePercentageEmpty
[==========] Running 1 test from 1 test suite.
[----------] Global test environment set-up.
[----------] 1 test from CalculateTest
[ RUN      ] CalculateTest.ResolvePercentageEmpty
[       OK ] CalculateTest.ResolvePercentageEmpty (0 ms)
[----------] 1 test from CalculateTest (0 ms total)

[----------] Global test environment tear-down
[==========] 1 test from 1 test suite ran. (0 ms total)
[  PASSED  ] 1 test.
<end of output>
Test time =   0.00 sec
----------------------------------------------------------
Test Passed.
"CalculateTest.ResolvePercentageEmpty" end time: Nov 21 16:34 CST
"CalculateTest.ResolvePercentageEmpty" time elapsed: 00:00:00
----------------------------------------------------------

16/16 Testing: CalculateTest.ResolvePercentageWithGaps
16/16 Test: CalculateTest.ResolvePercentageWithGaps
Command: "/home/adam/Projects/electric-era-challenge/build/test/test" "--gtest_filter=CalculateTest.ResolvePercentageWithGaps" "--gtest_also_run_disabled_tests"
Directory: /home/adam/Projects/electric-era-challenge/build/test
"CalculateTest.ResolvePercentageWithGaps" start time: Nov 21 16:34 CST
Output:
----------------------------------------------------------
Running main() from /home/adam/Projects/electric-era-challenge/build/_deps/googletest-src/googletest/src/gtest_main.cc
Note: Google Test filter = CalculateTest.ResolvePercentageWithGaps
[==========] Running 1 test from 1 test suite.
[----------] Global test environment set-up.
[----------] 1 test from CalculateTest
[ RUN      ] CalculateTest.ResolvePercentageWithGaps
[       OK ] CalculateTest.ResolvePercentageWithGaps (0 ms)
[----------] 1 test from CalculateTest (0 ms total)

[----------] Global test environment tear-down
[==========] 1 test from 1 test suite ran. (0 ms total)
[  PASSED  ] 1 test.
<end of output>
Test time =   0.00 sec
----------------------------------------------------------
Test Passed.
"CalculateTest.ResolvePercentageWithGaps" end time: Nov 21 16:34 CST
"CalculateTest.ResolvePercentageWithGaps" time elapsed: 00:00:00
----------------------------------------------------------

End testing: Nov 21 16:34 CST
